<?xml version="1.0" encoding="UTF-8"?>
<!-- Generated by org.testng.reporters.JUnitXMLReporter -->
<testsuite ignored="0" hostname="Faruq" failures="1" tests="4" name="Registration Test" time="15.531" errors="0" timestamp="2023-10-21T10:31:32 EDT">
  <testcase classname="com.facebook.registrationTests.RegistrationTest" name="faruqRegistrationTest" time="1.684"/>
  <testcase classname="com.facebook.registrationTests.RegistrationTest" name="fabihaRegistrationTest" time="1.247">
    <failure type="java.lang.AssertionError" message="expected [Facebook - log in or sign up] but found [heelooo]">
      <![CDATA[java.lang.AssertionError: expected [Facebook - log in or sign up] but found [heelooo]
at com.facebook.registrationTests.RegistrationTest.fabihaRegistrationTest(RegistrationTest.java:58)
at java.base/java.util.ArrayList.forEach(ArrayList.java:1511)
... Removed 33 stack frames]]>
    </failure>
  </testcase> <!-- fabihaRegistrationTest -->
  <testcase classname="com.facebook.registrationTests.RegistrationTest" name="testSkipped" time="0.0">
    <skipped/>
  </testcase> <!-- testSkipped -->
  <testcase classname="com.facebook.registrationTests.RegistrationTest2" name="faizaRegistrationTest" time="1.154"/>
</testsuite> <!-- Registration Test -->
