<?xml version="1.0" encoding="UTF-8"?>
<!-- Generated by org.testng.reporters.JUnitXMLReporter -->
<testsuite ignored="0" hostname="Faruq" failures="0" tests="3" name="Registration Test" time="9.945" errors="0" timestamp="2023-10-14T12:26:23 EDT">
  <testcase classname="com.facebook.registrationTests.RegistrationTest" name="fabihaRegistrationTest" time="1.538"/>
  <testcase classname="com.facebook.registrationTests.RegistrationTest" name="faruqRegistrationTest" time="1.328"/>
  <testcase classname="com.facebook.registrationTests.RegistrationTest2" name="faizaRegistrationTest" time="1.074"/>
</testsuite> <!-- Registration Test -->
