<?xml version="1.0" encoding="UTF-8"?>
<!-- Generated by org.testng.reporters.JUnitXMLReporter -->
<testsuite ignored="0" hostname="Faruq" failures="0" tests="3" name="Default test" time="9.581" errors="0" timestamp="2023-10-14T11:09:58 EDT">
  <testcase classname="com.facebook.registrationTests.RegistrationTest" name="fabihaRegistrationTest" time="1.533"/>
  <testcase classname="com.facebook.registrationTests.RegistrationTest" name="faizaRegistrationTest" time="1.245"/>
  <testcase classname="com.facebook.registrationTests.RegistrationTest" name="faruqRegistrationTest" time="1.177"/>
</testsuite> <!-- Default test -->
