<?xml version="1.0" encoding="UTF-8"?>
<!-- Generated by org.testng.reporters.JUnitXMLReporter -->
<testsuite ignored="0" hostname="Faruq" failures="0" tests="5" name="Login Test" time="9.096" errors="0" timestamp="2023-10-14T13:10:31 EDT">
  <testcase classname="com.facebook.loginTests.LoginTest" name="loginTest" time="0.434"/>
  <testcase classname="com.facebook.loginTests.LoginTest" name="loginTest1" time="0.264"/>
  <testcase classname="com.facebook.loginTests.LoginFunctionalTest" name="userNameTest" time="0.081"/>
  <testcase classname="com.facebook.loginTests.LoginFunctionalTest" name="passwordTest" time="0.067"/>
  <testcase classname="com.facebook.loginTests.LoginFunctionalTest" name="loginButtonTest" time="0.066"/>
</testsuite> <!-- Login Test -->
