<?xml version="1.0" encoding="UTF-8"?>
<!-- Generated by org.testng.reporters.JUnitXMLReporter -->
<testsuite ignored="0" hostname="Faruq" failures="0" tests="3" name="Registration Test" time="10.483" errors="0" timestamp="2023-10-14T13:10:32 EDT">
  <testcase classname="com.facebook.registrationTests.RegistrationTest" name="fabihaRegistrationTest" time="3.326"/>
  <testcase classname="com.facebook.registrationTests.RegistrationTest2" name="faizaRegistrationTest" time="3.543"/>
  <testcase classname="com.facebook.registrationTests.RegistrationTest" name="faruqRegistrationTest" time="1.107"/>
</testsuite> <!-- Registration Test -->
