<?xml version="1.0" encoding="UTF-8"?>
<!-- Generated by org.testng.reporters.JUnitXMLReporter -->
<testsuite ignored="2" hostname="Faruq" failures="0" tests="1" name="Registration Test" time="3.757" errors="0" timestamp="2023-10-15T13:22:23 EDT">
  <testcase classname="com.facebook.registrationTests.RegistrationTest" name="faruqRegistrationTest" time="1.905"/>
  <testcase classname="com.facebook.registrationTests.RegistrationTest" name="fabihaRegistrationTest" time="0.0">
    <ignored/>
  </testcase> <!-- fabihaRegistrationTest -->
  <testcase classname="com.facebook.registrationTests.RegistrationTest" name="testSkipped" time="0.0">
    <ignored/>
  </testcase> <!-- testSkipped -->
</testsuite> <!-- Registration Test -->
