<?xml version="1.0" encoding="UTF-8"?>
<!-- Generated by org.testng.reporters.JUnitXMLReporter -->
<testsuite ignored="1" hostname="Faruq" failures="0" tests="1" name="Registration Test" time="3.162" errors="0" timestamp="2023-10-14T14:01:18 EDT">
  <testcase classname="com.facebook.registrationTests.RegistrationTest" name="faruqRegistrationTest" time="1.431"/>
  <testcase classname="com.facebook.registrationTests.RegistrationTest" name="fabihaRegistrationTest" time="0.0">
    <ignored/>
  </testcase> <!-- fabihaRegistrationTest -->
</testsuite> <!-- Registration Test -->
