<?xml version="1.0" encoding="UTF-8"?>
<!-- Generated by org.testng.reporters.JUnitXMLReporter -->
<testsuite ignored="5" hostname="Faruq" failures="1" tests="3" name="Test" time="8.974" errors="0" timestamp="2023-10-14T14:30:05 EDT">
  <testcase classname="com.facebook.registrationTests.RegistrationTest2" name="faizaRegistrationTest" time="1.553"/>
  <testcase classname="com.facebook.registrationTests.RegistrationTest" name="fabihaRegistrationTest" time="1.227"/>
  <testcase classname="com.facebook.loginTests.LoginTest" name="loginTest1" time="0.16">
    <failure type="java.lang.AssertionError" message="expected [hi] but found [hello]">
      <![CDATA[java.lang.AssertionError: expected [hi] but found [hello]
at com.facebook.loginTests.LoginTest.loginTest1(LoginTest.java:49)
at java.base/java.util.ArrayList.forEach(ArrayList.java:1511)
... Removed 33 stack frames]]>
    </failure>
  </testcase> <!-- loginTest1 -->
  <testcase classname="com.facebook.registrationTests.RegistrationTest" name="faruqRegistrationTest" time="0.0">
    <ignored/>
  </testcase> <!-- faruqRegistrationTest -->
  <testcase classname="com.facebook.loginTests.LoginFunctionalTest" name="loginButtonTest" time="0.0">
    <ignored/>
  </testcase> <!-- loginButtonTest -->
  <testcase classname="com.facebook.loginTests.LoginFunctionalTest" name="passwordTest" time="0.0">
    <ignored/>
  </testcase> <!-- passwordTest -->
  <testcase classname="com.facebook.loginTests.LoginFunctionalTest" name="userNameTest" time="0.0">
    <ignored/>
  </testcase> <!-- userNameTest -->
  <testcase classname="com.facebook.loginTests.LoginTest" name="loginTest" time="0.0">
    <ignored/>
  </testcase> <!-- loginTest -->
</testsuite> <!-- Test -->
