<?xml version="1.0" encoding="UTF-8"?>
<!-- Generated by org.testng.reporters.JUnitXMLReporter -->
<testsuite ignored="1" hostname="Faruq" failures="0" tests="1" name="Test(failed)" time="2.93" errors="0" timestamp="2023-10-14T14:31:59 EDT">
  <testcase classname="com.facebook.loginTests.LoginTest" name="loginTest1" time="0.191"/>
  <testcase classname="com.facebook.loginTests.LoginTest" name="loginTest" time="0.0">
    <ignored/>
  </testcase> <!-- loginTest -->
</testsuite> <!-- Test(failed) -->
