<?xml version="1.0" encoding="UTF-8"?>
<testng-results ignored="1" total="2" passed="1" failed="0" skipped="0">
  <reporter-output>
  </reporter-output>
  <suite started-at="2023-10-14T14:31:56 EDT" name="Failed suite [Regression Suite]" finished-at="2023-10-14T14:31:59 EDT" duration-ms="2930">
    <groups>
      <group name="Regression">
        <method signature="LoginTest.loginTest1()[pri:1, instance:com.facebook.loginTests.LoginTest@41d477ed]" name="loginTest1" class="com.facebook.loginTests.LoginTest"/>
      </group> <!-- Regression -->
    </groups>
    <test started-at="2023-10-14T14:31:56 EDT" name="Test(failed)" finished-at="2023-10-14T14:31:59 EDT" duration-ms="2930">
      <class name="com.facebook.loginTests.LoginTest">
        <test-method is-config="true" signature="openFacebook()[pri:0, instance:com.facebook.loginTests.LoginTest@41d477ed]" started-at="2023-10-14T14:31:56 EDT" name="openFacebook" finished-at="2023-10-14T14:31:59 EDT" duration-ms="2551" status="PASS">
          <reporter-output>
          </reporter-output>
        </test-method> <!-- openFacebook -->
        <test-method signature="loginTest1()[pri:1, instance:com.facebook.loginTests.LoginTest@41d477ed]" started-at="2023-10-14T14:31:59 EDT" name="loginTest1" finished-at="2023-10-14T14:31:59 EDT" duration-ms="191" status="PASS">
          <reporter-output>
          </reporter-output>
        </test-method> <!-- loginTest1 -->
        <test-method is-config="true" signature="closeFacebook()[pri:0, instance:com.facebook.loginTests.LoginTest@41d477ed]" started-at="2023-10-14T14:31:59 EDT" name="closeFacebook" finished-at="2023-10-14T14:31:59 EDT" duration-ms="146" status="PASS">
          <reporter-output>
          </reporter-output>
        </test-method> <!-- closeFacebook -->
      </class> <!-- com.facebook.loginTests.LoginTest -->
    </test> <!-- Test(failed) -->
  </suite> <!-- Failed suite [Regression Suite] -->
</testng-results>
